<?xml version="1.0" encoding="UTF-8"?>
<!-- Generated by org.testng.reporters.JUnitXMLReporter -->
<testsuite hostname="Usernames-MacBook-Air.local" ignored="0" name="Default test" tests="3" failures="0" timestamp="2020-06-16T23:32:30 PDT" time="22.75" errors="0">
  <testcase name="LoginWithInvalid" time="4.925" classname="com.testing.Tests.TestCases"/>
  <testcase name="LoginWithvalid" time="4.8" classname="com.testing.Tests.TestCases"/>
  <testcase name="Homepage" time="11.16" classname="com.testing.Tests.TestCases"/>
</testsuite> <!-- Default test -->
