<?xml version="1.0" encoding="UTF-8"?>
<!-- Generated by org.testng.reporters.JUnitXMLReporter -->
<testsuite hostname="Usernames-MacBook-Air.local" ignored="2" name="Test" tests="3" failures="0" timestamp="2020-06-16T17:17:49 PDT" time="2.847" errors="0">
  <testcase name="@BeforeTest setup" time="0.001" classname="com.testing.POMTests.TestCase">
    <failure type="java.lang.NullPointerException">
      <![CDATA[java.lang.NullPointerException
at com.testing.POMTests.TestCase.setup(TestCase.java:34)
... Removed 24 stack frames]]>
    </failure>
  </testcase> <!-- @BeforeTest setup -->
  <testcase name="LoginWithInvalid" time="0.0" classname="com.testing.POMTests.TestCase">
    <skipped/>
  </testcase> <!-- LoginWithInvalid -->
  <testcase name="LoginWithvalid" time="0.0" classname="com.testing.POMTests.TestCase">
    <skipped/>
  </testcase> <!-- LoginWithvalid -->
  <testcase name="Homepage" time="0.0" classname="com.testing.POMTests.TestCase">
    <skipped/>
  </testcase> <!-- Homepage -->
  <testcase name="@BeforeSuite triggerDependencies" time="0.0" classname="com.testing.listeners.TestBase">
    <ignored/>
  </testcase> <!-- @BeforeSuite triggerDependencies -->
  <testcase name="@AfterSuite tearDown" time="0.0" classname="com.testing.listeners.TestBase">
    <ignored/>
  </testcase> <!-- @AfterSuite tearDown -->
</testsuite> <!-- Test -->
