<?xml version="1.0" encoding="UTF-8"?>
<!-- Generated by org.testng.reporters.JUnitXMLReporter -->
<testsuite hostname="Usernames-MacBook-Air.local" ignored="2" name="Test" tests="3" failures="1" timestamp="2020-06-16T20:57:09 PDT" time="20.05" errors="0">
  <testcase name="LoginWithInvalid" time="4.388" classname="com.testing.POMTests.TestCase"/>
  <testcase name="LoginWithvalid" time="4.199" classname="com.testing.POMTests.TestCase"/>
  <testcase name="Homepage" time="8.554" classname="com.testing.POMTests.TestCase">
    <failure type="java.lang.AssertionError" message="expected [true] but found [false]">
      <![CDATA[java.lang.AssertionError: expected [true] but found [false]
at com.testing.POMTests.TestCase.Homepage(TestCase.java:58)
at java.util.ArrayList.forEach(ArrayList.java:1249)
... Removed 31 stack frames]]>
    </failure>
  </testcase> <!-- Homepage -->
  <testcase name="@BeforeSuite triggerDependencies" time="0.0" classname="com.testing.listeners.TestBase">
    <ignored/>
  </testcase> <!-- @BeforeSuite triggerDependencies -->
  <testcase name="@AfterSuite tearDown" time="0.0" classname="com.testing.listeners.TestBase">
    <ignored/>
  </testcase> <!-- @AfterSuite tearDown -->
</testsuite> <!-- Test -->
